GD     Event Table Maintenance   mm/dd/yy = 03/05/24  hh:mm:ss = 21:08:50
-------------------------------------------------------------------------
       0x0000  000                                    ศอออออออออออออออออผ
                    txt  flag max msk dec  help  act  ษอออออออออออออออออป
*000*               001  0x00  03  03  00  0000  007  บ closed state    บ
line#    code  nxt  alt  lock max min dec  spec  act  ฬอออออออออออออออออน
*001*  0x000d  069  017  0x05  03  01  00  0001  003  บ ckr/sup open    บ
*002*  0x4f4f  069  017  0x05  16  04  00  0001  003  บ ckr/sup badge   บ
*003*  0x4d4d  069  017  0x05  20  04  00  0001  003  บ ckr/sup by msr  บ
*004*  0x00be  000  000  0x05  00  00  00  0057  107  บ price inquiry   บ
*005*  0xcda0  000  000  0x0f  00  00  00  0099  007  บ auto clusterEOD บ
*006*  0x00f1  008  008  0x85  02  01  00  0099  007  บ online eod      บ
*007*  0x001b  000  000  0x05  01  00  00  0000  002  บ exit from pos   บ
       0x0000  000                                    ศอออออออออออออออออผ
                    txt  flag max msk dec  help  act  ษอออออออออออออออออป
*008*               001  0x01  03  03  00  9900  000  บ online eod 99   บ
line#    code  nxt  alt  lock max min dec  spec  act  ฬอออออออออออออออออน
*009*  0x000d  000  000  0x05  03  01  00  0000  007  บ ckr/sup number  บ
*010*  0x4f4f  000  000  0x05  16  04  00  0000  007  บ ckr/sup badge   บ
*011*  0x4d4d  000  000  0x05  20  04  00  0000  007  บ ckr/sup by msr  บ
*012*  0x001b  000  000  0x05  00  00  00  0000  030  บ trans. clear    บ
       0x0000  000                                    ศอออออออออออออออออผ
                    txt  flag max msk dec  help  act  ษอออออออออออออออออป
*013*               001  0x00  03  03  00  0800  102  บ checker pause   บ
line#    code  nxt  alt  lock max min dec  spec  act  ฬอออออออออออออออออน
*014*  0x000d  069  000  0x05  03  01  00  0000  005  บ ckr number      บ
*015*  0x4f4f  069  000  0x05  16  04  00  0000  005  บ ckr badge       บ
*016*  0x4d4d  069  000  0x05  20  04  00  0000  005  บ ckr card by msr บ
       0x0000  000                                    ศอออออออออออออออออผ
                    txt  flag max msk dec  help  act  ษอออออออออออออออออป
*017*               014  0x01  02  02  00  8001  102  บ sup ready state บ
line#    code  nxt  alt  lock max min dec  spec  act  ฬอออออออออออออออออน
*018*  0x00f1  021  021  0x05  02  00  00  0000  001  บ menu admin      บ
*019*  0x00a2  000  000  0x0f  00  00  21  0002  004  บ super close     บ
*020*  0x000c  017  017  0x04  00  00  00  0061  106  บ journal watch   บ
       0x0000  000                                    ศอออออออออออออออออผ
                    txt  flag max msk dec  help  hdr  ษอออออออออออออออออป
*021*               014  0xff  02  02  00  8001  003  บ sup menu admin  บ
line#    code  nxt  alt  lock lin pos txt  spec  act  ฬอออออออออออออออออน
*022*  0x0002  000  000  0x05  01  00  21  0002  004  บ super close     บ
*023*  0x0013  017  017  0x04  03  00  07  0019  099  บ ckr settlement  บ
*024*  0x0014  017  017  0x04  04  00  08  0020  090  บ ckr tbl report  บ
*025*  0x0015  017  017  0x04  14  00  09  0021  099  บ ckr report      บ
*026*  0x0017  017  017  0x04  16  00  11  0023  093  บ fin report      บ
*027*  0x0018  017  017  0x04  17  00  12  0024  094  บ act report      บ
*028*  0x0019  037  037  0x04  18  00  13  0000  001  บ slm report      บ
*029*  0x001a  047  047  0x04  19  00  14  0000  001  บ dpt report      บ
*030*  0x001b  017  017  0x04  20  00  15  0027  097  บ ckr rsp report  บ
*031*  0x001c  017  017  0x04  21  00  16  0028  098  บ lan sts report  บ
*032*  0x001d  057  057  0x04  06  00  17  0029  100  บ pluean inq/mnt  บ
*033*  0x004b  675  675  0x04  07  00  36  0075  108  บ preset dpt keys บ
*034*  0x004c  017  017  0x04  08  00  38  0076  006  บ password change บ
*035*  0x0062  066  066  0x04  09  00  02  0098  008  บ declare defect  บ
*036*  0x0063  000  000  0x04  10  00  18  0099  009  บ end-of-day      บ
       0x0000  000                                    ศอออออออออออออออออผ
                    txt  flag max msk dec  help  act  ษอออออออออออออออออป
*037*               015  0xf6  01  01  00  8025  064  บ slm report type บ
line#    code  nxt  alt  lock max min dec  spec  act  ฬอออออออออออออออออน
*038*  0x0001  069  017  0x04  01  01  65  0025  095  บ all majors *... บ
*039*  0x0002  069  017  0x04  02  02  66  0025  095  บ all majors **.. บ
*040*  0x0003  069  017  0x04  03  03  67  0025  095  บ all majors ***. บ
*041*  0x0004  045  045  0x04  05  04  68  0000  095  บ inquiry    1234 บ
*042*  0x0005  045  045  0x04  06  05  69  0000  095  บ lvl under  1234 บ
*043*  0x0006  045  045  0x04  07  06  70  0000  095  บ all under  1234 บ
*044*  0x0007  069  017  0x04  09  07  71  0025  095  บ total report    บ
       0x0000  000                                    ศอออออออออออออออออผ
                    txt  flag max msk dec  help  act  ษอออออออออออออออออป
*045*               005  0x01  04  04  00  8025  000  บ slm inquiry     บ
line#    code  nxt  alt  lock max min dec  spec  act  ฬอออออออออออออออออน
*046*  0x000d  069  017  0x04  04  00  00  0025  095  บ salesman nbr    บ
       0x0000  068                                    ศอออออออออออออออออผ
                    txt  flag max msk dec  help  act  ษอออออออออออออออออป
*047*               015  0xf6  01  01  00  8026  064  บ dpt report type บ
line#    code  nxt  alt  lock max min dec  spec  act  ฬอออออออออออออออออน
*048*  0x0001  069  017  0x04  01  01  65  0026  096  บ all majors *... บ
*049*  0x0002  069  017  0x04  02  02  66  0026  096  บ all majors **.. บ
*050*  0x0003  069  017  0x04  03  03  67  0026  096  บ all majors ***. บ
*051*  0x0004  055  055  0x04  05  04  68  0000  096  บ inquiry    1234 บ
*052*  0x0005  055  055  0x04  06  05  69  0000  096  บ lvl under  1234 บ
*053*  0x0006  055  055  0x04  07  06  70  0000  096  บ all under  1234 บ
*054*  0x0007  069  017  0x04  09  07  71  0026  096  บ total report    บ
       0x0000  000                                    ศอออออออออออออออออผ
                    txt  flag max msk dec  help  act  ษอออออออออออออออออป
*055*               006  0x01  04  04  00  8026  000  บ dpt inquiry     บ
line#    code  nxt  alt  lock max min dec  spec  act  ฬอออออออออออออออออน
*056*  0x000d  069  017  0x04  04  00  00  0026  096  บ department nbr  บ
       0x0000  068                                    ศอออออออออออออออออผ
                    txt  flag max msk dec  help  act  ษอออออออออออออออออป
*057*               009  0x01  16  00  00  2900  000  บ pluean inq/mnt  บ
line#    code  nxt  alt  lock max min dec  spec  act  ฬอออออออออออออออออน
*058*  0x000d  062  062  0x04  16  01  00  0029  050  บ keyb plu nbr    บ
*059*  0x4f4f  062  062  0x04  16  01  00  0029  050  บ scan plu nbr    บ
*060*  0x000e  062  062  0x04  16  01  00  0029  050  บ special plu key บ
*061*  0x0019  069  017  0x05  00  00  00  0000  050  บ total           บ
       0x0000  000                                    ศอออออออออออออออออผ
                    txt  flag max msk dec  help  act  ษอออออออออออออออออป
*062*               036  0x81  07  07  99  2901  000  บ pluean maint    บ
line#    code  nxt  alt  lock max min dec  spec  act  ฬอออออออออออออออออน
*063*  0x000d  057  057  0x04  07  00  99  0000  101  บ new price       บ
*064*  0x000f  057  057  0x04  07  00  99  0001  101  บ new label       บ
*065*  0x000b  057  057  0x05  00  00  00  0000  101  บ clear           บ
       0x0000  000                                    ศอออออออออออออออออผ
                    txt  flag max msk dec  help  act  ษอออออออออออออออออป
*066*               003  0x01  03  03  00  9800  000  บ declare defect  บ
line#    code  nxt  alt  lock max min dec  spec  act  ฬอออออออออออออออออน
*067*  0x000d  017  017  0x04  03  03  00  0000  008  บ terminal number บ
*068*  0x000b  069  017  0x04  00  00  00  0000  030  บ abort / clear   บ
       0x0000  000                                    ศอออออออออออออออออผ
                    txt  flag max msk dec  help  act  ษอออออออออออออออออป
*069*               016  0x03  20  00  00  0001  102  บ ckr ready state บ
line#    code  nxt  alt  lock max min dec  spec  act  ฬอออออออออออออออออน
*070*  0x009f  069  069  0x05  05  01  00  0001  180  บ ecommerce ID    บ
*071*  0x0019  069  069  0x05  00  00  00  0000  037  บ no sale         บ
*072*  0x0007  105  105  0x05  00  00  00  0000  027  บ remote invoice  บ
*073*  0x00f1  110  110  0x05  02  00  00  0000  001  บ menu admin      บ
*074*  0x00a2  000  000  0x05  00  00  21  0002  004  บ checker close   บ
*075*  0x00a8  013  013  0x05  00  00  27  0008  005  บ checker pause   บ
*076*  0xcda8  013  013  0x0f  00  00  27  0008  005  บ auto ckr pause  บ
*077*  0x00a9  636  646  0x05  00  00  28  0905  081  บ cash count      บ
*078*  0x00aa  636  646  0x05  00  00  04  1002  081  บ loan            บ
*079*  0x00ab  636  646  0x05  00  00  05  1103  081  บ pickup          บ
*080*  0x00af  636  646  0x05  00  00  06  1504  081  บ float           บ
*081*  0x000f  069  179  0x05  04  00  00  0000  026  บ slip post/pres  บ
*082*  0x00f2  131  131  0x05  02  00  00  0000  001  บ menu regis      บ
*083*  0x00a3  177  177  0x05  00  00  00  0003  011  บ trans return    บ
*084*  0x00a5  366  366  0x05  00  00  00  0005  011  บ rcvd on account บ
*085*  0x00ae  353  353  0x05  00  00  00  9005  001  บ giftcards roa   บ
*086*  0x00a6  366  366  0x05  00  00  00  0006  011  บ paid outs       บ
*087*  0x00a7  397  397  0x05  00  00  00  0007  011  บ till tl entry   บ
*088*  0x00f8  145  145  0x05  00  00  00  0030  019  บ media exchange  บ
*089*  0x00f3  147  147  0x05  01  00  00  0000  001  บ trans.preselect บ
*090*  0x00b1  177  177  0x05  00  00  44  0001  031  บ trans void      บ
*091*  0x00b3  177  177  0x05  00  00  46  0003  031  บ surcharge       บ
*092*  0x00b0  169  169  0x05  00  00  00  0000  010  บ anonymous sales บ
*093*  0x00b4  161  161  0x05  00  00  00  0007  010  บ employee sales  บ
*094*  0x00b5  161  161  0x05  00  00  00  0008  010  บ customer sales  บ
*095*  0x0024  069  069  0x05  00  00  00  0001  170  บ EMV HR INIT     บ
*096*  0x0023  069  069  0x05  00  00  00  0000  170  บ HARDWARE INIT   บ
*097*  0x0020  069  069  0x05  00  00  00  0000  120  บ GC : BALANCE    บ
*098*  0x001d  171  171  0x05  00  00  47  0004  031  บ resume          บ
*099*  0x003d  276  069  0x05  00  00  00  0000  160  บ fin. instashop  บ
*100*  0x003c  283  289  0x05  00  00  00  0000  150  บ ECR Void        บ
*101*  0x003f  069  069  0x04  00  00  00  0000  151  บ ECR Settle      บ
*102*  0x003e  069  069  0x05  00  00  00  0000  161  บ print Instashop บ
*103*  0x0040  292  069  0x05  00  00  00  0000  150  บ MADA Void       บ
*104*  0xabcd  069  069  0x05  00  00  00  0000  180  บ start ecommerce บ
       0x0000  199                                    ศอออออออออออออออออผ
                    txt  flag max msk dec  help  act  ษอออออออออออออออออป
*105*               030  0x02  07  07  00  0080  000  บ remote invoice  บ
line#    code  nxt  alt  lock max min dec  spec  act  ฬอออออออออออออออออน
*106*  0x000d  108  108  0x05  07  04  00  0001  027  บ transaction nbr บ
*107*  0x000b  069  069  0x05  00  00  00  0000  030  บ trans. clear    บ
       0x0000  000                                    ศอออออออออออออออออผ
                    txt  flag max msk dec  help  act  ษอออออออออออออออออป
*108*               013  0x02  02  02  00  0081  000  บ remote invoice  บ
line#    code  nxt  alt  lock max min dec  spec  act  ฬอออออออออออออออออน
*109*  0x000d  069  069  0x05  02  00  00  0002  027  บ currency type   บ
       0x0000  107                                    ศอออออออออออออออออผ
                    txt  flag max msk dec  help  hdr  ษอออออออออออออออออป
*110*               014  0xff  02  02  00  0001  003  บ ckr menu admin  บ
line#    code  nxt  alt  lock lin pos txt  spec  act  ฬอออออออออออออออออน
*111*  0x0002  000  000  0x05  01  00  21  0002  004  บ checker close   บ
*112*  0x0008  013  013  0x05  02  00  27  0008  005  บ checker pause   บ
*113*  0x0009  636  646  0x05  03  00  28  0005  081  บ cash count      บ
*114*  0x000a  636  646  0x05  04  00  04  0002  081  บ loan            บ
*115*  0x000b  636  646  0x05  05  00  05  0003  081  บ pickup          บ
*116*  0x000f  636  646  0x05  06  00  06  0004  081  บ float           บ
*117*  0x0013  069  000  0x04  07  00  07  0019  091  บ ckr settlement  บ
*118*  0x0015  069  069  0x04  12  00  09  0021  091  บ ckr report      บ
*119*  0x0017  069  069  0x04  13  00  11  0023  093  บ fin report      บ
*120*  0x0018  069  069  0x04  14  00  12  0024  094  บ act report      บ
*121*  0x0019  037  037  0x04  15  00  13  0000  001  บ slm report      บ
*122*  0x001a  047  047  0x04  16  00  14  0000  001  บ dpt report      บ
*123*  0x001b  069  069  0x04  17  00  15  0027  097  บ ckr rsp report  บ
*124*  0x001c  069  069  0x04  18  00  16  0028  098  บ lan sts report  บ
*125*  0x004b  675  675  0x04  19  00  36  0075  108  บ preset dpt keys บ
*126*  0x004c  069  069  0x05  20  00  38  0076  006  บ password change บ
*127*  0x0050  069  069  0x06  21  00  40  0080  105  บ device services บ
*128*  0x0022  069  069  0x04  22  00  10  0001  170  บ PPAD KEYS       บ
*129*  0x0024  069  069  0x04  23  00  113  0002  170  บ EMV PPAD INIT   บ
*130*  0x0025  069  069  0x04  24  00  132  0000  220  บ Start Zatca Srv บ
       0x0000  000                                    ศอออออออออออออออออผ
                    txt  flag max msk dec  help  hdr  ษอออออออออออออออออป
*131*               014  0xff  02  02  00  0002  019  บ ckr menu regis  บ
line#    code  nxt  alt  lock lin pos txt  spec  act  ฬอออออออออออออออออน
*132*  0x0003  177  177  0x05  02  00  45  0003  011  บ trans return    บ
*133*  0x0005  366  366  0x05  04  00  24  0005  011  บ rcvd on account บ
*134*  0x0006  366  366  0x05  05  00  25  0006  011  บ paid outs       บ
*135*  0x0007  397  397  0x05  06  00  26  0007  011  บ till tl entry   บ
*136*  0x0010  069  069  0x05  08  00  29  0016  013  บ training mode   บ
*137*  0x0011  069  390  0x05  09  00  30  0017  013  บ re-entry mode   บ
*138*  0x0012  069  069  0x05  10  00  116  0000  181  บ ecommerce onoff บ
*139*  0x001e  145  145  0x05  11  00  50  0030  019  บ media exchange  บ
*140*  0x002d  392  392  0x05  14  00  31  0045  015  บ inventory       บ
*141*  0x002e  395  395  0x05  16  00  32  0046  015  บ goods xfer to   บ
*142*  0x0038  395  395  0x05  17  00  33  0056  015  บ goods xfer from บ
*143*  0x002f  399  399  0x05  19  00  34  0047  015  บ layaway out     บ
*144*  0x0039  399  399  0x05  20  00  35  0057  015  บ layaway return  บ
       0x0000  000                                    ศอออออออออออออออออผ
                    txt  flag max msk dec  help  act  ษอออออออออออออออออป
*145*               056  0x04  07  07  99  0050  000  บ media exchange  บ
line#    code  nxt  alt  lock max min dec  spec  act  ฬอออออออออออออออออน
*146*  0x000b  069  069  0x05  00  00  00  0000  030  บ trans. clear    บ
       0x0000  465                                    ศอออออออออออออออออผ
                    txt  flag max msk dec  help  act  ษอออออออออออออออออป
*147*               015  0xf6  01  01  00  0003  043  บ trans.preselect บ
line#    code  nxt  alt  lock max min dec  spec  act  ฬอออออออออออออออออน
*148*  0x0001  177  177  0x05  02  01  44  0001  031  บ trans void      บ
*149*  0x0002  177  177  0x05  04  03  46  0003  031  บ surcharge       บ
*150*  0x0003  161  161  0x05  08  07  22  0007  010  บ employee sales  บ
*151*  0x0004  161  161  0x05  09  08  23  0008  010  บ customer sales  บ
*152*  0x0005  069  069  0x04  10  05  86  0005  171  บ EPTS Void       บ
       0x0000  000                                    ศอออออออออออออออออผ
                    txt  flag max msk dec  help  act  ษอออออออออออออออออป
*153*               015  0xf6  01  01  00  0004  051  บ item preselect  บ
line#    code  nxt  alt  lock max min dec  spec  act  ฬอออออออออออออออออน
*154*  0x0001  328  328  0x05  02  01  52  0001  041  บ void            บ
*155*  0x0002  328  328  0x05  03  02  53  0002  041  บ return          บ
*156*  0x0003  317  317  0x05  04  03  54  0003  041  บ p/o at stock    บ
*157*  0x0004  317  317  0x05  05  04  55  0004  041  บ p/o at pos      บ
*158*  0x0005  319  319  0x05  06  05  56  0005  041  บ commission      บ
*159*  0x0006  321  321  0x05  08  06  57  0006  041  บ price display   บ
*160*  0x0007  325  325  0x05  09  07  58  0007  041  บ set of items    บ
       0x0000  000                                    ศอออออออออออออออออผ
                    txt  flag max msk dec  help  act  ษอออออออออออออออออป
*161*               007  0x03  16  00  00  0300  000  บ pers/cust sales บ
line#    code  nxt  alt  lock max min dec  spec  act  ฬอออออออออออออออออน
*162*  0x000d  175  166  0x05  16  01  00  0000  021  บ customer nbr    บ
*163*  0x4f4f  175  166  0x05  16  01  00  0000  021  บ number by scan  บ
*164*  0x4d4d  175  166  0x05  20  01  00  0000  021  บ number by imsr  บ
*165*  0x000b  177  069  0x05  00  00  00  0000  040  บ item clear      บ
       0x0000  000                                    ศอออออออออออออออออผ
                    txt  flag max msk dec  help  act  ษอออออออออออออออออป
*166*               020  0x83  03  03  01  0401  000  บ pers/cust dsc   บ
line#    code  nxt  alt  lock max min dec  spec  act  ฬอออออออออออออออออน
*167*  0x000d  175  175  0x05  03  00  01  0000  022  บ discount rate   บ
*168*  0x001b  069  069  0x05  00  00  00  0002  035  บ trans. abort    บ
       0x0000  000                                    ศอออออออออออออออออผ
                    txt  flag max msk dec  help  act  ษอออออออออออออออออป
*169*               018  0x03  20  00  00  0002  000  บ anonymous sales บ
line#    code  nxt  alt  lock max min dec  spec  act  ฬอออออออออออออออออน
*170*  0x000b  177  069  0x05  00  00  00  0000  040  บ item clear      บ
       0x0000  098                                    ศอออออออออออออออออผ
                    txt  flag max msk dec  help  act  ษอออออออออออออออออป
*171*               030  0x03  13  07  00  0082  000  บ resume          บ
line#    code  nxt  alt  lock max min dec  spec  act  ฬอออออออออออออออออน
*172*  0x000b  175  069  0x05  00  00  00  0000  040  บ item clear      บ
*173*  0x000d  196  196  0x05  13  04  00  0001  059  บ transaction nbr บ
*174*  0x4f4f  196  196  0x05  13  13  00  0001  059  บ transaction lbl บ
       0x0000  000                                    ศอออออออออออออออออผ
                    txt  flag max msk dec  help  act  ษอออออออออออออออออป
*175*               018  0x03  20  00  00  0002  000  บ after cus ident บ
line#    code  nxt  alt  lock max min dec  spec  act  ฬอออออออออออออออออน
*176*  0x001b  069  069  0x05  00  00  00  0002  035  บ trans. abort    บ
       0x0000  098                                    ศอออออออออออออออออผ
                    txt  flag max msk dec  help  act  ษอออออออออออออออออป
*177*               018  0x03  20  00  00  0002  000  บ after tran pres บ
line#    code  nxt  alt  lock max min dec  spec  act  ฬอออออออออออออออออน
*178*  0x001b  069  069  0x05  00  00  00  0002  035  บ trans. abort    บ
       0x0000  089                                    ศอออออออออออออออออผ
                    txt  flag max msk dec  help  act  ษอออออออออออออออออป
*179*               016  0x03  20  00  00  0001  000  บ after slip pres บ
line#    code  nxt  alt  lock max min dec  spec  act  ฬอออออออออออออออออน
*180*  0x000f  069  069  0x05  00  00  00  0000  026  บ no slip / abort บ
       0x0000  082                                    ศอออออออออออออออออผ
                    txt  flag max msk dec  help  act  ษอออออออออออออออออป
*181*               015  0x03  16  00  00  0070  000  บ cust/trans id   บ
line#    code  nxt  alt  lock max min dec  spec  act  ฬอออออออออออออออออน
*182*  0x000d  196  196  0x05  16  01  00  0015  020  บ receipt# by kbd บ
*183*  0x4f4f  196  196  0x05  16  01  00  0015  020  บ customer by ean บ
*184*  0x4d4d  196  196  0x05  20  01  00  0015  020  บ customer by msr บ
       0x0000  316                                    ศอออออออออออออออออผ
                    txt  flag max msk dec  help  act  ษอออออออออออออออออป
*185*               007  0x03  16  00  00  0300  000  บ late pers/cust  บ
line#    code  nxt  alt  lock max min dec  spec  act  ฬอออออออออออออออออน
*186*  0x000d  196  190  0x05  16  01  00  0000  021  บ customer nbr    บ
*187*  0x4f4f  196  190  0x05  16  01  00  0000  021  บ number by scan  บ
*188*  0x4d4d  196  190  0x05  20  01  00  0000  021  บ number by imsr  บ
*189*  0x000b  196  069  0x05  00  00  00  0000  040  บ item clear      บ
       0x0000  000                                    ศอออออออออออออออออผ
                    txt  flag max msk dec  help  act  ษอออออออออออออออออป
*190*               020  0x83  03  03  01  0401  000  บ late discount   บ
line#    code  nxt  alt  lock max min dec  spec  act  ฬอออออออออออออออออน
*191*  0x000d  196  196  0x05  03  00  01  0000  023  บ discount rate   บ
*192*  0x001b  069  069  0x05  00  00  00  0002  035  บ trans. abort    บ
       0x0000  000                                    ศอออออออออออออออออผ
                    txt  flag max msk dec  help  act  ษอออออออออออออออออป
*193*               017  0x03  20  00  00  0009  000  บ after subtotal  บ
line#    code  nxt  alt  lock max min dec  spec  act  ฬอออออออออออออออออน
       0x0000  198                                    ศอออออออออออออออออผ
                    txt  flag max msk dec  help  act  ษอออออออออออออออออป
*194*               000  0x83  20  00  00  0003  000  บ after sel.total บ
line#    code  nxt  alt  lock max min dec  spec  act  ฬอออออออออออออออออน
*195*  0x000b  196  196  0x05  00  00  00  9999  033  บ clear display   บ
       0x0000  197                                    ศอออออออออออออออออผ
                    txt  flag max msk dec  help  act  ษอออออออออออออออออป
*196*               017  0x03  20  00  00  0003  000  บ top of sls item บ
line#    code  nxt  alt  lock max min dec  spec  act  ฬอออออออออออออออออน
*197*  0x0018  193  193  0x05  02  00  00  0000  032  บ subtotal        บ
*198*  0x0011  339  339  0x05  00  00  00  1234  047  บ line item void  บ
*199*  0x001b  069  069  0x05  00  00  00  0002  035  บ trans. abort    บ
*200*  0x001d  069  069  0x05  00  00  00  0008  035  บ trans. suspend  บ
*201*  0x0019  069  340  0x05  00  00  00  0000  033  บ total / nosale  บ
*202*  0x0019  194  194  0x05  01  01  00  0001  033  บ sel. itemizer   บ
*203*  0x0004  196  196  0x05  04  00  00  0000  036  บ salesman nbr    บ
*204*  0x00b4  185  185  0x05  00  00  00  0007  010  บ late employee   บ
*205*  0x00b5  185  185  0x05  00  00  00  0008  010  บ late customer   บ
*206*  0x0006  181  181  0x05  00  00  00  0000  020  บ cust/trans id   บ
*207*  0x0016  069  069  0x04  00  00  00  0000  171  บ EPTS Void       บ
*208*  0x00f4  153  153  0x05  01  00  00  0000  001  บ item preselect  บ
*209*  0x00b9  328  328  0x05  00  00  52  0001  041  บ void            บ
*210*  0x00ba  328  328  0x05  00  00  53  0002  041  บ return          บ
*211*  0x00bb  317  317  0x05  00  00  54  0003  041  บ p/o at stock    บ
*212*  0x00bc  317  317  0x05  00  00  55  0004  041  บ p/o at pos      บ
*213*  0x00bd  319  319  0x05  00  00  56  0005  041  บ commission      บ
*214*  0x00be  321  321  0x05  00  00  57  0006  041  บ price display   บ
*215*  0x00bf  325  325  0x05  00  00  58  0007  041  บ set of items    บ
*216*  0x00f0  328  328  0x05  00  00  00  0010  041  บ GC : TOPUP      บ
*217*  0x0020  196  196  0x05  00  00  00  0000  120  บ GC : BALANCE    บ
*218*  0x0021  196  196  0x05  00  00  00  0000  121  บ LO : BALANCE    บ
*219*  0x0022  314  332  0x05  00  00  00  0001  052  บ utility list    บ
*220*  0x0010  330  330  0x05  06  01  03  0000  049  บ quantity        บ
*221*  0x0005  312  314  0x05  04  00  00  0000  055  บ coded dpt nbr   บ
*222*  0x00d1  314  332  0x05  07  00  99  0001  054  บ dir dpt key  1  บ
*223*  0x00d2  314  332  0x05  07  00  99  0002  054  บ dir dpt key  2  บ
*224*  0x00d3  314  332  0x05  07  00  99  0003  054  บ dir dpt key  3  บ
*225*  0x00d4  314  332  0x05  07  00  99  0004  054  บ dir dpt key  4  บ
*226*  0x00d5  314  332  0x05  07  00  99  0005  054  บ dir dpt key  5  บ
*227*  0x00d6  314  332  0x05  07  00  99  0006  054  บ dir dpt key  6  บ
*228*  0x00d7  314  332  0x05  07  00  99  0007  054  บ dir dpt key  7  บ
*229*  0x00d8  314  332  0x05  07  00  99  0008  054  บ dir dpt key  8  บ
*230*  0x00d9  314  332  0x05  07  00  99  0009  054  บ dir dpt key  9  บ
*231*  0x00da  314  332  0x05  07  00  99  0010  054  บ dir dpt key  A  บ
*232*  0x00db  314  332  0x05  07  00  99  0011  054  บ dir dpt key  B  บ
*233*  0x00dc  314  332  0x05  07  00  99  0012  054  บ dir dpt key  C  บ
*234*  0x00dd  314  332  0x05  07  00  99  0013  054  บ dir dpt key  D  บ
*235*  0x00de  314  332  0x05  07  00  99  0014  054  บ dir dpt key  E  บ
*236*  0x00df  314  332  0x05  07  00  99  0015  054  บ dir dpt key  F  บ
*237*  0x000d  314  332  0x07  20  01  00  0001  053  บ keyb lbl line 1 บ
*238*  0x4f4f  314  332  0x05  20  01  00  0001  053  บ scan lbl line 1 บ
*239*  0x0090  268  196  0x05  02  00  00  0000  001  บ customer menu   บ
*240*  0x0091  196  196  0x05  00  00  00  0000  202  บ points inquiry  บ
*241*  0x0092  278  196  0x05  16  00  00  0000  201  บ insert c.card   บ
*242*  0x0093  196  196  0x05  16  00  00  0001  201  บ insert mobile   บ
*243*  0x0094  196  196  0x05  00  00  00  0000  200  บ regist customer บ
*244*  0x0096  259  259  0x05  02  00  00  0000  001  บ Loyalty Menu    บ
*245*  0x0097  196  196  0x05  00  00  00  0000  130  บ Customer Regist บ
*246*  0x0098  196  196  0x05  00  00  00  0000  131  บ Card Replacemen บ
*247*  0x0099  196  196  0x05  00  00  00  0000  132  บ Phone Number Up บ
*248*  0x009a  196  196  0x05  15  00  00  0000  133  บ Ident by card   บ
*249*  0x009b  196  196  0x05  15  00  00  0000  134  บ Ident by mobile บ
*250*  0x009c  196  196  0x05  00  00  00  0000  140  บ Recharge list   บ
*251*  0x009d  265  265  0x05  02  00  00  0000  001  บ Ident Menu      บ
*252*  0x009e  196  190  0x05  16  01  00  0123  021  บ SSCO Loyalty    บ
*253*  0x000d  196  196  0x05  16  01  00  0000  111  บ cuscard by keyb บ
*254*  0x4f4f  196  196  0x05  16  01  00  0001  111  บ cuscard by ocia บ
*255*  0x000d  314  332  0x07  16  01  00  0000  052  บ ean/upc by keyb บ
*256*  0x4f4f  314  332  0x05  16  01  00  0000  052  บ ean/upc by ocia บ
*257*  0x008f  196  196  0x05  00  00  00  0000  221  บ B2B toggle      บ
*258*  0x000e  314  332  0x07  16  01  00  0000  052  บ special plu key บ
       0x0000  000                                    ศอออออออออออออออออผ
                    txt  flag max msk dec  help  act  ษอออออออออออออออออป
*259*               013  0xf6  02  02  00  0010  080  บ LOYALTY MENU    บ
line#    code  nxt  alt  lock max min dec  spec  act  ฬอออออออออออออออออน
*260*  0x0001  196  196  0x05  01  01  88  0000  130  บ Customer Regist บ
*261*  0x0002  196  196  0x05  02  02  89  0000  131  บ Card Replacemen บ
*262*  0x0003  196  196  0x05  03  03  90  0000  132  บ Phone Number Up บ
*263*  0x0004  196  196  0x05  04  04  93  0000  133  บ Ident by card   บ
*264*  0x0005  196  196  0x05  05  05  94  0000  134  บ Ident by mobile บ
       0x0000  000                                    ศอออออออออออออออออผ
                    txt  flag max msk dec  help  act  ษอออออออออออออออออป
*265*               013  0xf6  02  02  00  0010  080  บ IDENT MENU      บ
line#    code  nxt  alt  lock max min dec  spec  act  ฬอออออออออออออออออน
*266*  0x0001  196  196  0x05  01  01  93  0000  133  บ Ident by card   บ
*267*  0x0002  196  196  0x05  02  02  94  0000  134  บ Ident by mobile บ
       0x0000  000                                    ศอออออออออออออออออผ
                    txt  flag max msk dec  help  hdr  ษอออออออออออออออออป
*268*               013  0xff  02  02  00  0010  080  บ customer menu   บ
line#    code  nxt  alt  lock lin pos txt  spec  act  ฬอออออออออออออออออน
*269*  0x0001  196  196  0x05  01  01  82  0000  202  บ points inquiry  บ
*270*  0x0002  278  196  0x05  02  02  83  0000  201  บ insert c.card   บ
*271*  0x0003  196  196  0x05  03  03  87  0001  201  บ insert mobile   บ
*272*  0x0004  196  196  0x05  04  04  88  0000  200  บ regist customer บ
       0x0000  000                                    ศอออออออออออออออออผ
                    txt  flag max msk dec  help  act  ษอออออออออออออออออป
*273*               088  0x03  08  01  00  0010  000  บ points isredeem บ
line#    code  nxt  alt  lock max min dec  spec  act  ฬอออออออออออออออออน
*274*  0x000d  196  273  0x05  08  01  00  0002  113  บ points by keyb  บ
*275*  0x000b  196  196  0x05  00  00  00  9999  033  บ clear display   บ
       0x0000  000                                    ศอออออออออออออออออผ
                    txt  flag max msk dec  help  act  ษอออออออออออออออออป
*276*               102  0x03  07  07  00  0010  000  บ Insert INSTASHO บ
line#    code  nxt  alt  lock max min dec  spec  act  ฬอออออออออออออออออน
*277*  0x000b  069  069  0x05  00  00  00  0001  160  บ error correct   บ
       0x0000  465                                    ศอออออออออออออออออผ
                    txt  flag max msk dec  help  act  ษอออออออออออออออออป
*278*               008  0x03  16  00  00  0010  000  บ insert customer บ
line#    code  nxt  alt  lock max min dec  spec  act  ฬอออออออออออออออออน
*279*  0x4f4f  196  196  0x05  16  08  00  0003  201  บ customer scan.  บ
*280*  0x000d  196  196  0x05  16  08  00  0002  201  บ customer keyb.  บ
*281*  0x000b  196  196  0x05  00  00  00  9999  033  บ clear display   บ
       0x0000  000                                    ศอออออออออออออออออผ
                    txt  flag max msk dec  help  act  ษอออออออออออออออออป
*282*               100  0x03  07  07  00  0010  000  บ Insert ECR rcp  บ
line#    code  nxt  alt  lock max min dec  spec  act  ฬอออออออออออออออออน
       0x0000  000                                    ศอออออออออออออออออผ
                    txt  flag max msk dec  help  act  ษอออออออออออออออออป
*283*               099  0x03  07  07  99  0020  000  บ Insert ECR amt  บ
line#    code  nxt  alt  lock max min dec  spec  act  ฬอออออออออออออออออน
*284*  0x000d  289  286  0x05  07  01  99  0002  150  บ insert amount   บ
*285*  0x000b  069  069  0x05  00  00  00  0000  150  บ error correct   บ
       0x0000  000                                    ศอออออออออออออออออผ
                    txt  flag max msk dec  help  act  ษอออออออออออออออออป
*286*               114  0x03  06  06  00  0020  000  บ Insert ECR date บ
line#    code  nxt  alt  lock max min dec  spec  act  ฬอออออออออออออออออน
*287*  0x000d  289  289  0x05  06  06  00  0005  150  บ insert date     บ
*288*  0x000b  069  069  0x05  00  00  00  0000  150  บ error correct   บ
       0x0000  000                                    ศอออออออออออออออออผ
                    txt  flag max msk dec  help  act  ษอออออออออออออออออป
*289*               101  0x03  12  07  00  0010  000  บ Insert ECR void บ
line#    code  nxt  alt  lock max min dec  spec  act  ฬอออออออออออออออออน
*290*  0x000d  069  289  0x05  12  01  00  0003  150  บ insert void tra บ
*291*  0x000b  069  069  0x05  00  00  00  0000  150  บ error correct   บ
       0x0000  000                                    ศอออออออออออออออออผ
                    txt  flag max msk dec  help  act  ษอออออออออออออออออป
*292*               099  0x03  07  07  99  0020  000  บ Insert MADA amt บ
line#    code  nxt  alt  lock max min dec  spec  act  ฬอออออออออออออออออน
*293*  0x000d  295  292  0x05  07  01  99  0002  150  บ insert amount   บ
*294*  0x000b  069  069  0x05  00  00  00  0000  150  บ error correct   บ
       0x0000  000                                    ศอออออออออออออออออผ
                    txt  flag max msk dec  help  act  ษอออออออออออออออออป
*295*               110  0x03  12  12  00  0020  000  บ Insert MADA RRN บ
line#    code  nxt  alt  lock max min dec  spec  act  ฬอออออออออออออออออน
*296*  0x000d  298  295  0x05  12  12  00  0005  150  บ insert Orig RRN บ
*297*  0x000b  069  069  0x05  00  00  00  0000  150  บ error correct   บ
       0x0000  000                                    ศอออออออออออออออออผ
                    txt  flag max msk dec  help  act  ษอออออออออออออออออป
*298*               111  0x00  16  16  00  0010  000  บ Insert MADA PAN บ
line#    code  nxt  alt  lock max min dec  spec  act  ฬอออออออออออออออออน
*299*  0x000d  069  069  0x05  16  16  00  0003  150  บ insert Orig PAN บ
*300*  0x000b  069  069  0x05  00  00  00  0000  150  บ error correct   บ
       0x0000  000                                    ศอออออออออออออออออผ
                    txt  flag max msk dec  help  act  ษอออออออออออออออออป
*301*               083  0x03  13  13  00  0010  000  บ request cuscard บ
line#    code  nxt  alt  lock max min dec  spec  act  ฬอออออออออออออออออน
*302*  0x000d  196  301  0x05  13  13  00  0001  110  บ cuscard by keyb บ
*303*  0x4f4f  196  301  0x05  13  13  00  0002  110  บ cuscard by ocia บ
*304*  0x000b  196  196  0x05  00  00  00  9999  033  บ clear display   บ
       0x0000  000                                    ศอออออออออออออออออผ
                    txt  flag max msk dec  help  act  ษอออออออออออออออออป
*305*               085  0x03  12  10  00  0010  000  บ request mobile  บ
line#    code  nxt  alt  lock max min dec  spec  act  ฬอออออออออออออออออน
*306*  0x000d  301  305  0x05  12  10  00  0099  110  บ mobile customer บ
*307*  0x000b  196  196  0x05  00  00  00  9999  033  บ clear display   บ
       0x0000  000                                    ศอออออออออออออออออผ
                    txt  flag max msk dec  help  act  ษอออออออออออออออออป
*308*               086  0x03  08  06  00  0010  000  บ insert coupon   บ
line#    code  nxt  alt  lock max min dec  spec  act  ฬอออออออออออออออออน
*309*  0x000d  308  308  0x05  08  06  00  0001  114  บ coupon by keyb  บ
*310*  0x4f4f  308  308  0x05  08  06  00  0001  114  บ coupon by ocia  บ
*311*  0x000b  196  196  0x05  00  00  00  9999  033  บ clear display   บ
       0x0000  000                                    ศอออออออออออออออออผ
                    txt  flag max msk dec  help  act  ษอออออออออออออออออป
*312*               043  0x03  08  08  00  0010  000  บ after coded dpt บ
line#    code  nxt  alt  lock max min dec  spec  act  ฬอออออออออออออออออน
*313*  0x0006  314  314  0x05  08  00  00  0001  056  บ ident number 1  บ
       0x0000  316                                    ศอออออออออออออออออผ
                    txt  flag max msk dec  help  act  ษอออออออออออออออออป
*314*               036  0x03  07  07  99  0012  000  บ after ident #   บ
line#    code  nxt  alt  lock max min dec  spec  act  ฬอออออออออออออออออน
*315*  0x000d  332  332  0x05  07  01  99  0000  057  บ sales price     บ
*316*  0x000b  196  069  0x05  00  00  00  0000  040  บ item clear      บ
       0x0000  000                                    ศอออออออออออออออออผ
                    txt  flag max msk dec  help  act  ษอออออออออออออออออป
*317*               041  0x03  07  07  99  0014  000  บ price overwrite บ
line#    code  nxt  alt  lock max min dec  spec  act  ฬอออออออออออออออออน
*318*  0x000d  328  328  0x05  07  01  99  0000  042  บ new price       บ
       0x0000  316                                    ศอออออออออออออออออผ
                    txt  flag max msk dec  help  act  ษอออออออออออออออออป
*319*               019  0x03  08  08  00  0015  000  บ commission      บ
line#    code  nxt  alt  lock max min dec  spec  act  ฬอออออออออออออออออน
*320*  0x000d  328  328  0x05  08  01  00  0000  043  บ commission code บ
       0x0000  316                                    ศอออออออออออออออออผ
                    txt  flag max msk dec  help  act  ษอออออออออออออออออป
*321*               009  0x03  16  00  00  0016  000  บ price display   บ
line#    code  nxt  alt  lock max min dec  spec  act  ฬอออออออออออออออออน
*322*  0x000d  196  069  0x05  16  01  00  0000  050  บ ean/upc by keyb บ
*323*  0x4f4f  196  069  0x05  16  01  00  0000  050  บ ean/upc by scan บ
*324*  0x000e  196  069  0x05  16  01  00  0000  050  บ special plu key บ
       0x0000  316                                    ศอออออออออออออออออผ
                    txt  flag max msk dec  help  act  ษอออออออออออออออออป
*325*               015  0x03  16  08  00  0017  000  บ set of items    บ
line#    code  nxt  alt  lock max min dec  spec  act  ฬอออออออออออออออออน
*326*  0x000d  196  196  0x05  16  01  00  0000  058  บ number by keyb  บ
*327*  0x4f4f  196  196  0x05  16  01  00  0000  058  บ number by scan  บ
       0x0000  316                                    ศอออออออออออออออออผ
                    txt  flag max msk dec  help  act  ษอออออออออออออออออป
*328*               018  0x03  20  00  00  0004  000  บ after item pres บ
line#    code  nxt  alt  lock max min dec  spec  act  ฬอออออออออออออออออน
*329*  0x000b  196  069  0x05  00  00  00  0000  040  บ item clear      บ
       0x0000  208                                    ศอออออออออออออออออผ
                    txt  flag max msk dec  help  act  ษอออออออออออออออออป
*330*               018  0x03  20  00  00  0004  000  บ after item qty  บ
line#    code  nxt  alt  lock max min dec  spec  act  ฬอออออออออออออออออน
*331*  0x000b  196  069  0x05  00  00  00  0000  040  บ item clear      บ
       0x0000  220                                    ศอออออออออออออออออผ
                    txt  flag max msk dec  help  act  ษอออออออออออออออออป
*332*               000  0x83  20  00  00  0005  000  บ after item      บ
line#    code  nxt  alt  lock max min dec  spec  act  ฬอออออออออออออออออน
*333*  0x0010  332  332  0x05  00  00  00  0000  046  บ repetition      บ
*334*  0x0001  336  336  0x05  03  00  01  0000  044  บ credit rate     บ
*335*  0x0002  336  336  0x05  07  01  99  0000  045  บ credit amount   บ
       0x0000  337                                    ศอออออออออออออออออผ
                    txt  flag max msk dec  help  act  ษอออออออออออออออออป
*336*               000  0x83  20  00  00  0006  000  บ after credit    บ
line#    code  nxt  alt  lock max min dec  spec  act  ฬอออออออออออออออออน
*337*  0x000f  339  339  0x05  00  00  00  0000  048  บ item on slip    บ
*338*  0x0011  339  339  0x05  00  00  00  0000  047  บ error correct   บ
       0x0000  197                                    ศอออออออออออออออออผ
                    txt  flag max msk dec  help  act  ษอออออออออออออออออป
*339*               000  0x83  20  00  00  0003  000  บ after ec / slip บ
line#    code  nxt  alt  lock max min dec  spec  act  ฬอออออออออออออออออน
       0x0000  197                                    ศอออออออออออออออออผ
                    txt  flag max msk dec  help  act  ษอออออออออออออออออป
*340*               000  0x80  01  01  00  0083  000  บ demographic     บ
line#    code  nxt  alt  lock max min dec  spec  act  ฬอออออออออออออออออน
*341*  0x000d  340  344  0x05  01  01  00  0000  028  บ data query      บ
*342*  0x0011  340  344  0x05  00  00  00  9999  028  บ step backwards  บ
*343*  0x000b  344  344  0x05  00  00  00  0000  029  บ abort ddq       บ
       0x0000  000                                    ศอออออออออออออออออผ
                    txt  flag max msk dec  help  act  ษอออออออออออออออออป
*344*               025  0x04  07  07  99  0007  000  บ after sales tl  บ
line#    code  nxt  alt  lock max min dec  spec  act  ฬอออออออออออออออออน
*345*  0x000b  196  196  0x05  00  00  00  0000  034  บ sales continued บ
*346*  0x00b6  344  349  0x05  00  00  00  0049  038  บ no tax / tax    บ
*347*  0x0001  352  352  0x05  03  00  01  0008  023  บ discount rate   บ
*348*  0x0002  457  457  0x05  07  01  99  0007  024  บ discount amount บ
       0x0000  458                                    ศอออออออออออออออออผ
                    txt  flag max msk dec  help  act  ษอออออออออออออออออป
*349*               067  0x04  16  00  00  0070  000  บ after no tax    บ
line#    code  nxt  alt  lock max min dec  spec  act  ฬอออออออออออออออออน
*350*  0x000d  344  344  0x05  16  00  00  0000  038  บ tax ident nbr   บ
*351*  0x000b  344  344  0x05  00  00  00  9999  038  บ clear / show tl บ
       0x0000  000                                    ศอออออออออออออออออผ
                    txt  flag max msk dec  help  act  ษอออออออออออออออออป
*352*               025  0x04  07  07  99  0008  000  บ after discount  บ
line#    code  nxt  alt  lock max min dec  spec  act  ฬอออออออออออออออออน
       0x0000  348                                    ศอออออออออออออออออผ
                    txt  flag max msk dec  help  act  ษอออออออออออออออออป
*353*               029  0xf6  02  02  00  0010  080  บ gift card ROA   บ
line#    code  nxt  alt  lock max min dec  spec  act  ฬอออออออออออออออออน
*354*  0x0001  359  359  0x05  01  01  135  9999  061  บ GC sale         บ
*355*  0x0002  359  359  0x05  02  02  136  9998  061  บ GC topup        บ
*356*  0x0003  069  364  0x05  03  03  137  0000  033  บ total           บ
*357*  0x0004  069  069  0x05  04  04  138  0002  035  บ abort           บ
*358*  0x0005  069  069  0x05  05  05  12  0000  040  บ clear           บ
       0x0000  000                                    ศอออออออออออออออออผ
                    txt  flag max msk dec  help  act  ษอออออออออออออออออป
*359*               116  0x01  16  13  00  0503  000  บ GC Serial No    บ
line#    code  nxt  alt  lock max min dec  spec  act  ฬอออออออออออออออออน
*360*  0x4f4f  361  361  0x05  16  13  00  0000  062  บ scanner  serial บ
       0x0000  363                                    ศอออออออออออออออออผ
                    txt  flag max msk dec  help  act  ษอออออออออออออออออป
*361*               036  0x01  07  07  99  0504  000  บ GC Amount       บ
line#    code  nxt  alt  lock max min dec  spec  act  ฬอออออออออออออออออน
*362*  0x000d  353  353  0x05  07  01  99  0000  063  บ amount          บ
*363*  0x000b  353  353  0x05  00  00  00  0000  060  บ clear           บ
       0x0000  000                                    ศอออออออออออออออออผ
                    txt  flag max msk dec  help  act  ษอออออออออออออออออป
*364*               025  0x04  07  07  99  0507  000  บ GC Total        บ
line#    code  nxt  alt  lock max min dec  spec  act  ฬอออออออออออออออออน
*365*  0x000b  353  353  0x05  00  00  00  0000  034  บ Back to GC Sale บ
       0x0000  458                                    ศอออออออออออออออออผ
                    txt  flag max msk dec  help  act  ษอออออออออออออออออป
*366*               029  0x01  04  04  00  0500  000  บ top of roa/pdo  บ
line#    code  nxt  alt  lock max min dec  spec  act  ฬอออออออออออออออออน
*367*  0x000b  069  069  0x05  00  00  00  0000  030  บ trans. clear    บ
       0x0000  369                                    ศอออออออออออออออออผ
                    txt  flag max msk dec  help  act  ษอออออออออออออออออป
*368*               029  0x01  04  04  00  0500  000  บ after tran pres บ
line#    code  nxt  alt  lock max min dec  spec  act  ฬอออออออออออออออออน
*369*  0x00f3  371  371  0x05  01  00  00  0000  001  บ trans.preselect บ
*370*  0x00b1  368  368  0x05  00  00  44  0001  031  บ voids           บ
       0x0000  376                                    ศอออออออออออออออออผ
                    txt  flag max msk dec  help  act  ษอออออออออออออออออป
*371*               015  0xf6  01  01  00  0501  043  บ trans.preselect บ
line#    code  nxt  alt  lock max min dec  spec  act  ฬอออออออออออออออออน
*372*  0x0001  368  368  0x05  02  01  44  0001  031  บ voids           บ
       0x0000  000                                    ศอออออออออออออออออผ
                    txt  flag max msk dec  help  act  ษอออออออออออออออออป
*373*               029  0x01  04  04  00  0502  000  บ roa/pdo item    บ
line#    code  nxt  alt  lock max min dec  spec  act  ฬอออออออออออออออออน
*374*  0x0018  373  373  0x05  00  00  00  0000  032  บ subtotal        บ
*375*  0x0019  069  388  0x05  00  00  00  0000  033  บ total           บ
*376*  0x001b  069  069  0x05  00  00  00  0002  035  บ trans. abort    บ
*377*  0x0004  373  373  0x05  04  00  00  0000  036  บ salesman number บ
*378*  0x0005  379  382  0x05  04  00  00  0000  061  บ roa/pdo type    บ
       0x0000  000                                    ศอออออออออออออออออผ
                    txt  flag max msk dec  help  act  ษอออออออออออออออออป
*379*               043  0x01  13  08  00  0503  000  บ roa/pdo ident   บ
line#    code  nxt  alt  lock max min dec  spec  act  ฬอออออออออออออออออน
*380*  0x0006  382  385  0x05  13  00  00  0000  062  บ receipt number  บ
*381*  0x4f4f  382  385  0x05  13  13  00  0000  062  บ receipt nbr lbl บ
       0x0000  384                                    ศอออออออออออออออออผ
                    txt  flag max msk dec  help  act  ษอออออออออออออออออป
*382*               036  0x01  07  07  99  0504  000  บ roa/pdo amount  บ
line#    code  nxt  alt  lock max min dec  spec  act  ฬอออออออออออออออออน
*383*  0x000d  385  385  0x05  07  01  99  0000  063  บ amount          บ
*384*  0x000b  373  366  0x05  00  00  00  0000  060  บ item clear      บ
       0x0000  000                                    ศอออออออออออออออออผ
                    txt  flag max msk dec  help  act  ษอออออออออออออออออป
*385*               029  0x01  04  04  00  0506  000  บ after mny item  บ
line#    code  nxt  alt  lock max min dec  spec  act  ฬอออออออออออออออออน
*386*  0x0011  387  387  0x05  00  00  00  0000  064  บ error correct   บ
       0x0000  374                                    ศอออออออออออออออออผ
                    txt  flag max msk dec  help  act  ษอออออออออออออออออป
*387*               000  0x81  04  00  00  0502  000  บ after error cor บ
line#    code  nxt  alt  lock max min dec  spec  act  ฬอออออออออออออออออน
       0x0000  374                                    ศอออออออออออออออออผ
                    txt  flag max msk dec  help  act  ษอออออออออออออออออป
*388*               025  0x04  07  07  99  0507  000  บ after mny total บ
line#    code  nxt  alt  lock max min dec  spec  act  ฬอออออออออออออออออน
*389*  0x000b  373  373  0x05  00  00  00  0000  034  บ money continued บ
       0x0000  458                                    ศอออออออออออออออออผ
                    txt  flag max msk dec  help  act  ษอออออออออออออออออป
*390*               037  0x01  06  06  00  4400  000  บ reentries       บ
line#    code  nxt  alt  lock max min dec  spec  act  ฬอออออออออออออออออน
*391*  0x000d  069  069  0x05  06  05  00  0000  014  บ date of sales   บ
       0x0000  000                                    ศอออออออออออออออออผ
                    txt  flag max msk dec  help  act  ษอออออออออออออออออป
*392*               040  0x01  08  08  00  4500  000  บ inventory       บ
line#    code  nxt  alt  lock max min dec  spec  act  ฬอออออออออออออออออน
*393*  0x000d  401  401  0x05  08  01  00  0000  016  บ id number       บ
*394*  0x001b  069  069  0x05  00  00  00  0002  035  บ trans. abort    บ
       0x0000  000                                    ศอออออออออออออออออผ
                    txt  flag max msk dec  help  act  ษอออออออออออออออออป
*395*               011  0x01  04  04  00  4600  000  บ goods xfer      บ
line#    code  nxt  alt  lock max min dec  spec  act  ฬอออออออออออออออออน
*396*  0x000d  401  401  0x05  04  04  00  0000  017  บ store number    บ
       0x0000  394                                    ศอออออออออออออออออผ
                    txt  flag max msk dec  help  act  ษอออออออออออออออออป
*397*               042  0x01  04  04  00  0700  000  บ other till tl   บ
line#    code  nxt  alt  lock max min dec  spec  act  ฬอออออออออออออออออน
*398*  0x000d  177  177  0x05  04  03  00  0000  012  บ register nbr    บ
       0x0000  165                                    ศอออออออออออออออออผ
                    txt  flag max msk dec  help  act  ษอออออออออออออออออป
*399*               030  0x01  08  08  00  4700  000  บ layaways        บ
line#    code  nxt  alt  lock max min dec  spec  act  ฬอออออออออออออออออน
*400*  0x000d  401  401  0x05  08  01  00  0030  018  บ receipt number  บ
       0x0000  394                                    ศอออออออออออออออออผ
                    txt  flag max msk dec  help  act  ษอออออออออออออออออป
*401*               017  0x03  20  00  00  4001  000  บ top of ledger   บ
line#    code  nxt  alt  lock max min dec  spec  act  ฬอออออออออออออออออน
       0x0000  405                                    ศอออออออออออออออออผ
                    txt  flag max msk dec  help  act  ษอออออออออออออออออป
*402*               017  0x03  20  00  00  4003  000  บ ledger item     บ
line#    code  nxt  alt  lock max min dec  spec  act  ฬอออออออออออออออออน
*403*  0x0018  402  402  0x05  00  00  00  0000  032  บ subtotal        บ
*404*  0x0011  456  456  0x05  00  00  00  1234  047  บ line item void  บ
*405*  0x0019  069  069  0x05  00  00  00  0000  033  บ total / nosale  บ
*406*  0x001b  069  069  0x05  00  00  00  0002  035  บ trans. abort    บ
*407*  0x0004  402  402  0x05  04  00  00  0000  036  บ salesman nbr    บ
*408*  0x00f4  434  434  0x05  01  00  00  0000  001  บ item preselect  บ
*409*  0x00b9  442  442  0x05  00  00  52  0001  041  บ void            บ
*410*  0x00bb  451  451  0x05  00  00  54  0003  041  บ p/o at stock    บ
*411*  0x00be  438  438  0x05  00  00  57  0006  041  บ price display   บ
*412*  0x0010  444  444  0x05  06  01  03  0000  049  บ quantity        บ
*413*  0x0005  446  448  0x05  04  00  00  0000  055  บ coded dpt nbr   บ
*414*  0x00d1  448  453  0x05  07  00  99  0001  054  บ dir dpt key  1  บ
*415*  0x00d2  448  453  0x05  07  00  99  0002  054  บ dir dpt key  2  บ
*416*  0x00d3  448  453  0x05  07  00  99  0003  054  บ dir dpt key  3  บ
*417*  0x00d4  448  453  0x05  07  00  99  0004  054  บ dir dpt key  4  บ
*418*  0x00d5  448  453  0x05  07  00  99  0005  054  บ dir dpt key  5  บ
*419*  0x00d6  448  453  0x05  07  00  99  0006  054  บ dir dpt key  6  บ
*420*  0x00d7  448  453  0x05  07  00  99  0007  054  บ dir dpt key  7  บ
*421*  0x00d8  448  453  0x05  07  00  99  0008  054  บ dir dpt key  8  บ
*422*  0x00d9  448  453  0x05  07  00  99  0009  054  บ dir dpt key  9  บ
*423*  0x00da  448  453  0x05  07  00  99  0010  054  บ dir dpt key  A  บ
*424*  0x00db  448  453  0x05  07  00  99  0011  054  บ dir dpt key  B  บ
*425*  0x00dc  448  453  0x05  07  00  99  0012  054  บ dir dpt key  C  บ
*426*  0x00dd  448  453  0x05  07  00  99  0013  054  บ dir dpt key  D  บ
*427*  0x00de  448  453  0x05  07  00  99  0014  054  บ dir dpt key  E  บ
*428*  0x00df  448  453  0x05  07  00  99  0015  054  บ dir dpt key  F  บ
*429*  0x000d  448  453  0x05  20  01  00  0001  053  บ keyb lbl line 1 บ
*430*  0x4f4f  448  453  0x05  20  01  00  0001  053  บ scan lbl line 1 บ
*431*  0x000d  448  453  0x05  16  01  00  0000  052  บ ean/upc by keyb บ
*432*  0x4f4f  448  453  0x05  16  01  00  0000  052  บ ean/upc by ocia บ
*433*  0x000e  448  453  0x05  16  01  00  0000  052  บ special plu key บ
       0x0000  000                                    ศอออออออออออออออออผ
                    txt  flag max msk dec  help  act  ษอออออออออออออออออป
*434*               015  0xf6  01  01  00  0005  051  บ item preselect  บ
line#    code  nxt  alt  lock max min dec  spec  act  ฬอออออออออออออออออน
*435*  0x0001  442  442  0x05  02  01  52  0001  041  บ void            บ
*436*  0x0003  451  451  0x05  04  03  54  0003  041  บ p/o at stock    บ
*437*  0x0006  438  438  0x05  08  06  57  0006  041  บ price display   บ
       0x0000  000                                    ศอออออออออออออออออผ
                    txt  flag max msk dec  help  act  ษอออออออออออออออออป
*438*               009  0x03  16  00  00  0016  000  บ price display   บ
line#    code  nxt  alt  lock max min dec  spec  act  ฬอออออออออออออออออน
*439*  0x000d  402  069  0x05  16  01  00  0000  050  บ ean/upc by keyb บ
*440*  0x4f4f  402  069  0x05  16  01  00  0000  050  บ ean/upc by scan บ
*441*  0x000e  402  069  0x05  16  01  00  0000  050  บ special plu key บ
       0x0000  450                                    ศอออออออออออออออออผ
                    txt  flag max msk dec  help  act  ษอออออออออออออออออป
*442*               018  0x03  20  00  00  4004  000  บ after item pres บ
line#    code  nxt  alt  lock max min dec  spec  act  ฬอออออออออออออออออน
*443*  0x000b  402  069  0x05  00  00  00  0000  040  บ item clear      บ
       0x0000  408                                    ศอออออออออออออออออผ
                    txt  flag max msk dec  help  act  ษอออออออออออออออออป
*444*               018  0x03  20  00  00  4004  000  บ after item qty  บ
line#    code  nxt  alt  lock max min dec  spec  act  ฬอออออออออออออออออน
*445*  0x000b  402  069  0x05  00  00  00  0000  040  บ item clear      บ
       0x0000  412                                    ศอออออออออออออออออผ
                    txt  flag max msk dec  help  act  ษอออออออออออออออออป
*446*               043  0x03  08  08  00  4010  000  บ after coded dpt บ
line#    code  nxt  alt  lock max min dec  spec  act  ฬอออออออออออออออออน
*447*  0x0006  448  448  0x05  08  00  00  0001  056  บ ident number 1  บ
       0x0000  450                                    ศอออออออออออออออออผ
                    txt  flag max msk dec  help  act  ษอออออออออออออออออป
*448*               036  0x03  07  07  99  4012  000  บ after ident #   บ
line#    code  nxt  alt  lock max min dec  spec  act  ฬอออออออออออออออออน
*449*  0x000d  453  453  0x05  07  01  99  0000  057  บ sales price     บ
*450*  0x000b  402  069  0x05  00  00  00  0000  040  บ item clear      บ
       0x0000  000                                    ศอออออออออออออออออผ
                    txt  flag max msk dec  help  act  ษอออออออออออออออออป
*451*               041  0x03  07  07  99  4014  000  บ price overwrite บ
line#    code  nxt  alt  lock max min dec  spec  act  ฬอออออออออออออออออน
*452*  0x000d  442  442  0x05  07  01  99  0000  042  บ new price       บ
       0x0000  450                                    ศอออออออออออออออออผ
                    txt  flag max msk dec  help  act  ษอออออออออออออออออป
*453*               000  0x83  20  00  00  4005  000  บ after item      บ
line#    code  nxt  alt  lock max min dec  spec  act  ฬอออออออออออออออออน
*454*  0x0010  453  453  0x05  00  00  00  0000  046  บ repeat          บ
*455*  0x0011  456  456  0x05  00  00  00  0000  047  บ error correct   บ
       0x0000  403                                    ศอออออออออออออออออผ
                    txt  flag max msk dec  help  act  ษอออออออออออออออออป
*456*               000  0x83  20  00  00  4003  000  บ after error cor บ
line#    code  nxt  alt  lock max min dec  spec  act  ฬอออออออออออออออออน
       0x0000  403                                    ศอออออออออออออออออผ
                    txt  flag max msk dec  help  act  ษอออออออออออออออออป
*457*               025  0x04  07  07  99  0019  000  บ inhouse ticket  บ
line#    code  nxt  alt  lock max min dec  spec  act  ฬอออออออออออออออออน
*458*  0x000f  457  457  0x05  02  00  00  0000  079  บ slip linefeeds  บ
       0x0000  461                                    ศอออออออออออออออออผ
                    txt  flag max msk dec  help  act  ษอออออออออออออออออป
*459*               025  0x04  07  07  99  0020  000  บ tenderization   บ
line#    code  nxt  alt  lock max min dec  spec  act  ฬอออออออออออออออออน
*460*  0x000b  196  196  0x05  00  00  00  0000  034  บ sales continued บ
*461*  0x001b  069  069  0x05  00  00  00  0002  035  บ trans. abort    บ
*462*  0x001d  069  069  0x05  00  00  00  0008  035  บ trans. suspend  บ
*463*  0x0018  069  634  0x05  00  00  00  0068  069  บ total transfer  บ
*464*  0x008f  459  459  0x05  00  00  00  0000  221  บ B2B toggle      บ
*465*  0x000d  069  634  0x05  07  00  99  0000  073  บ cash amount     บ
*466*  0x00f8  508  508  0x05  02  00  00  0001  001  บ tender menu     บ
*467*  0x00f9  592  592  0x05  02  00  00  0010  001  บ credit cards    บ
*468*  0x00fa  574  574  0x05  02  00  00  0020  001  บ charge types    บ
*469*  0x00fb  606  606  0x05  02  00  00  0030  001  บ foreign curr.   บ
*470*  0x00c1  069  634  0x05  02  00  00  0001  073  บ cash preset  1  บ
*471*  0x00c2  069  634  0x05  02  00  00  0002  073  บ cash preset  2  บ
*472*  0x00c3  069  634  0x05  02  00  00  0003  073  บ cash preset  3  บ
*473*  0x00c4  069  634  0x05  02  00  00  0004  073  บ cash preset  4  บ
*474*  0x00c5  069  634  0x05  02  00  00  0005  073  บ cash preset  5  บ
*475*  0x00c6  069  634  0x05  02  00  00  0006  073  บ cash preset  6  บ
*476*  0x00c7  069  634  0x05  02  00  00  0007  073  บ cash preset  7  บ
*477*  0x00c8  069  634  0x05  02  00  00  0008  073  บ cash preset  8  บ
*478*  0x00c9  069  634  0x05  02  00  00  0009  073  บ cash preset  9  บ
*479*  0x00ca  069  634  0x05  02  00  00  0010  073  บ cash preset  A  บ
*480*  0x00e1  521  521  0x05  00  00  00  0001  071  บ tender preset 1 บ
*481*  0x00e2  521  521  0x05  00  00  00  0002  071  บ tender preset 2 บ
*482*  0x00e3  521  521  0x05  00  00  00  0003  071  บ tender preset 3 บ
*483*  0x00e4  521  521  0x05  00  00  00  0004  071  บ tender preset 4 บ
*484*  0x00e5  521  521  0x05  00  00  00  0005  071  บ tender preset 5 บ
*485*  0x00e6  521  521  0x05  00  00  00  0006  071  บ tender preset 6 บ
*486*  0x00e7  521  521  0x05  00  00  00  0007  071  บ tender preset 7 บ
*487*  0x00e8  521  521  0x05  00  00  00  0008  071  บ tender preset 8 บ
*488*  0x00e9  521  521  0x05  00  00  00  0009  071  บ tender preset 9 บ
*489*  0x00ea  521  521  0x05  00  00  00  0010  071  บ tender preset A บ
*490*  0x00eb  521  521  0x05  00  00  00  0011  071  บ tender preset B บ
*491*  0x00ec  521  521  0x05  00  00  00  0012  071  บ tender preset C บ
*492*  0x00ed  521  521  0x05  00  00  00  0013  071  บ tender preset D บ
*493*  0x00ee  521  521  0x05  00  00  00  0014  071  บ tender preset E บ
*494*  0x00ef  521  521  0x05  00  00  00  0015  071  บ tender preset F บ
*495*  0x0050  521  521  0x05  00  00  00  9900  038  บ GPE Preselect01 บ
*496*  0x0051  521  521  0x05  00  00  00  9901  038  บ GPE Preselect02 บ
*497*  0x0052  521  521  0x05  00  00  00  9902  038  บ GPE Preselect03 บ
*498*  0x0053  521  521  0x05  00  00  00  9903  038  บ GPE Preselect04 บ
*499*  0x0054  521  521  0x05  00  00  00  9904  038  บ GPE Preselect05 บ
*500*  0x0055  521  521  0x05  00  00  00  9905  038  บ GPE Preselect06 บ
*501*  0x0056  521  521  0x05  00  00  00  9906  038  บ GPE Preselect07 บ
*502*  0x0057  521  521  0x05  00  00  00  9907  038  บ GPE Preselect08 บ
*503*  0x0058  521  521  0x05  00  00  00  9908  038  บ GPE Preselect09 บ
*504*  0x0059  521  521  0x05  00  00  00  9909  038  บ GPE Preselect10 บ
*505*  0x005a  521  521  0x05  00  00  00  9910  038  บ GPE Preselect11 บ
*506*  0x005b  521  521  0x05  00  00  00  9911  038  บ GPE Preselect12 บ
*507*  0x005c  521  521  0x05  00  00  00  9912  038  บ GPE Preselect13 บ
       0x0000  000                                    ศอออออออออออออออออผ
                    txt  flag max msk dec  help  act  ษอออออออออออออออออป
*508*               013  0xf6  02  02  00  0020  059  บ tender menu     บ
line#    code  nxt  alt  lock max min dec  spec  act  ฬอออออออออออออออออน
*509*  0x0001  521  521  0x05  00  01  00  0001  075  บ cash            บ
*510*  0x0002  521  521  0x05  01  02  00  0002  075  บ cheque          บ
*511*  0x0003  521  521  0x05  02  03  00  0003  075  บ credit note (+) บ
*512*  0x0004  521  521  0x05  03  04  00  0004  075  บ voucher         บ
*513*  0x0005  521  521  0x05  04  05  00  0005  075  บ misc            บ
*514*  0x0006  521  521  0x05  05  06  00  0006  075  บ bank order      บ
*515*  0x0007  521  521  0x05  06  07  00  0007  075  บ electronic cash บ
*516*  0x0008  521  521  0x05  07  08  00  0008  075  บ paid in advance บ
*517*  0x0009  521  521  0x05  08  00  00  0009  075  บ debit note (-)  บ
*518*  0x000a  592  592  0x05  09  00  61  0010  001  บ credit cards    บ
*519*  0x0014  574  574  0x05  10  00  60  0020  001  บ charge types    บ
*520*  0x001e  606  606  0x05  11  00  62  0030  001  บ foreign curr.   บ
       0x0000  000                                    ศอออออออออออออออออผ
                    txt  flag max msk dec  help  hdr  ษอออออออออออออออออป
*521*               000  0xff  02  02  00  0000  000  บ tender types    บ
line#    code  nxt  alt  lock lin pos txt  spec  act  ฬอออออออออออออออออน
*522*  0x0041  553  557  0x05  00  00  00  0000  071  บ A: cash [rcpt#] บ
*523*  0x0042  553  620  0x05  00  00  00  0000  071  บ B: check [card] บ
*524*  0x0043  553  567  0x05  00  00  00  0000  071  บ C: credit cards บ
*525*  0x0044  553  588  0x05  00  00  00  0000  071  บ D: charge types บ
*526*  0x0045  553  561  0x05  00  00  00  0000  071  บ E: bank order   บ
*527*  0x0046  553  563  0x05  00  00  00  0000  071  บ F: EFT device   บ
*528*  0x0047  553  631  0x05  00  00  00  0000  071  บ G: coupon       บ
*529*  0x0048  553  557  0x05  00  00  00  0000  071  บ H: BCR device   บ
*530*  0x004a  553  567  0x05  00  00  00  0000  071  บ J: EFT Tamimi   บ
*531*  0x004b  553  567  0x05  00  00  00  0000  071  บ K: EFT Al Hamra บ
*532*  0x004c  553  557  0x05  00  00  00  0000  071  บ L: Gift Card Ph บ
*533*  0x004d  553  567  0x05  00  00  00  0000  071  บ M: Verifone     บ
*534*  0x004e  553  567  0x05  00  00  00  0000  071  บ N: EFT Eye Pay  บ
*535*  0x004f  553  567  0x05  00  00  00  0000  071  บ O: EFT Tone Tag บ
*536*  0x0050  547  551  0x05  00  00  00  0000  071  บ P: EPTS PAYMENT บ
*537*  0x0051  553  567  0x05  00  00  00  0000  071  บ Q: New GEIDEA   บ
*538*  0x0052  553  567  0x05  00  00  00  0000  071  บ R: Points Redem บ
*539*  0x0053  553  559  0x05  00  00  00  0000  071  บ S: Gift Card Og บ
*540*  0x0054  553  567  0x05  00  00  00  0000  071  บ T: EFT Apex     บ
*541*  0x0055  553  567  0x05  00  00  00  0000  071  บ U: EFT Knet     บ
*542*  0x0056  553  567  0x05  00  00  00  0000  071  บ V: EFT Mada     บ
*543*  0x0057  553  567  0x05  00  00  00  0000  071  บ W: Credimax     บ
*544*  0x0058  553  567  0x05  00  00  00  0000  071  บ X:              บ
*545*  0x0059  553  567  0x05  00  00  00  0000  071  บ Y:              บ
*546*  0x005a  553  567  0x05  00  00  00  0000  071  บ Z: GC PSH cli   บ
       0x0000  000                                    ศอออออออออออออออออผ
                    txt  flag max msk dec  help  act  ษอออออออออออออออออป
*547*               000  0x84  07  07  99  0021  000  บ EPTS PAYMENT    บ
line#    code  nxt  alt  lock max min dec  spec  act  ฬอออออออออออออออออน
*548*  0x000d  069  634  0x05  07  00  99  0000  073  บ EPTS WITH GPE   บ
*549*  0x00b4  069  069  0x05  00  00  00  0008  035  บ Suspend         บ
*550*  0x000b  459  145  0x05  00  00  00  0000  070  บ GPE tend clear  บ
       0x0000  000                                    ศอออออออออออออออออผ
                    txt  flag max msk dec  help  act  ษอออออออออออออออออป
*551*               030  0x04  08  00  00  0024  000  บ GPE TEMP STATE  บ
line#    code  nxt  alt  lock max min dec  spec  act  ฬอออออออออออออออออน
*552*  0x000d  547  547  0x05  08  01  00  0000  000  บ temp state      บ
       0x0000  000                                    ศอออออออออออออออออผ
                    txt  flag max msk dec  help  act  ษอออออออออออออออออป
*553*               000  0x84  07  07  99  0021  000  บ cash tender     บ
line#    code  nxt  alt  lock max min dec  spec  act  ฬอออออออออออออออออน
*554*  0x000d  069  634  0x05  07  00  99  0000  073  บ tender amount   บ
*555*  0x000b  459  145  0x05  00  00  00  0000  070  บ tender clear    บ
*556*  0x000c  553  553  0x05  00  00  00  0000  077  บ view recycler   บ
       0x0000  000                                    ศอออออออออออออออออผ
                    txt  flag max msk dec  help  act  ษอออออออออออออออออป
*557*               030  0x04  08  00  00  0024  000  บ receipt number  บ
line#    code  nxt  alt  lock max min dec  spec  act  ฬอออออออออออออออออน
*558*  0x000d  553  553  0x05  08  01  00  0000  072  บ number by kbd   บ
       0x0000  555                                    ศอออออออออออออออออผ
                    txt  flag max msk dec  help  act  ษอออออออออออออออออป
*559*               116  0x04  16  13  00  0024  000  บ GiftCard Serial บ
line#    code  nxt  alt  lock max min dec  spec  act  ฬอออออออออออออออออน
*560*  0x4f4f  553  553  0x05  16  13  00  0007  072  บ serial by scan  บ
       0x0000  555                                    ศอออออออออออออออออผ
                    txt  flag max msk dec  help  act  ษอออออออออออออออออป
*561*               030  0x04  04  00  00  0024  000  บ bank order form บ
line#    code  nxt  alt  lock max min dec  spec  act  ฬอออออออออออออออออน
*562*  0x000d  553  622  0x05  04  01  00  0000  072  บ transaction nbr บ
       0x0000  555                                    ศอออออออออออออออออผ
                    txt  flag max msk dec  help  act  ษอออออออออออออออออป
*563*               030  0x04  08  00  00  0024  000  บ EFT host device บ
line#    code  nxt  alt  lock max min dec  spec  act  ฬอออออออออออออออออน
*564*  0x000d  553  565  0x05  08  01  00  0000  072  บ transaction nbr บ
       0x0000  555                                    ศอออออออออออออออออผ
                    txt  flag max msk dec  help  act  ษอออออออออออออออออป
*565*               066  0x04  07  07  99  0025  000  บ EFT cash back   บ
line#    code  nxt  alt  lock max min dec  spec  act  ฬอออออออออออออออออน
*566*  0x000d  553  553  0x05  07  00  99  0000  076  บ change amount   บ
       0x0000  555                                    ศอออออออออออออออออผ
                    txt  flag max msk dec  help  act  ษอออออออออออออออออป
*567*               030  0x04  04  00  00  0024  000  บ credit cards    บ
line#    code  nxt  alt  lock max min dec  spec  act  ฬอออออออออออออออออน
*568*  0x000d  553  569  0x05  04  01  00  0000  072  บ transaction nbr บ
       0x0000  555                                    ศอออออออออออออออออผ
                    txt  flag max msk dec  help  act  ษอออออออออออออออออป
*569*               031  0x04  19  00  00  0023  000  บ credit card     บ
line#    code  nxt  alt  lock max min dec  spec  act  ฬอออออออออออออออออน
*570*  0x4d4d  553  553  0x05  19  01  00  0019  072  บ number by MSR   บ
*571*  0x000d  572  572  0x05  19  01  00  0019  072  บ number by kbd   บ
       0x0000  555                                    ศอออออออออออออออออผ
                    txt  flag max msk dec  help  act  ษอออออออออออออออออป
*572*               070  0x04  08  00  00  0029  000  บ Auth. code      บ
line#    code  nxt  alt  lock max min dec  spec  act  ฬอออออออออออออออออน
*573*  0x000d  553  553  0x05  08  04  00  0009  072  บ Auth. Number    บ
       0x0000  555                                    ศอออออออออออออออออผ
                    txt  flag max msk dec  help  act  ษอออออออออออออออออป
*574*               013  0xf6  02  02  00  0027  060  บ charge menu     บ
line#    code  nxt  alt  lock max min dec  spec  act  ฬอออออออออออออออออน
*575*  0x0001  521  521  0x05  01  01  00  0020  075  บ charge type  1  บ
*576*  0x0002  521  521  0x05  02  02  00  0021  075  บ charge type  2  บ
*577*  0x0003  521  521  0x05  03  03  00  0022  075  บ charge type  3  บ
*578*  0x0004  521  521  0x05  04  04  00  0023  075  บ charge type  4  บ
*579*  0x0005  521  521  0x05  05  05  00  0024  075  บ charge type  5  บ
*580*  0x0006  521  521  0x05  06  06  00  0025  075  บ charge type  6  บ
*581*  0x0007  521  521  0x05  07  07  00  0026  075  บ charge type  7  บ
*582*  0x000a  583  583  0x05  08  08  122  0020  001  บ more            บ
       0x0000  000                                    ศอออออออออออออออออผ
                    txt  flag max msk dec  help  act  ษอออออออออออออออออป
*583*               013  0xf6  02  02  00  0027  060  บ more charge     บ
line#    code  nxt  alt  lock max min dec  spec  act  ฬอออออออออออออออออน
*584*  0x0001  521  521  0x05  01  01  00  0027  075  บ charge type  8  บ
*585*  0x0002  521  521  0x05  02  02  00  0028  075  บ charge type  9  บ
*586*  0x0003  521  521  0x05  03  03  00  0029  075  บ charge type 10  บ
*587*  0x0004  574  574  0x05  04  04  123  0020  001  บ back            บ
       0x0000  000                                    ศอออออออออออออออออผ
                    txt  flag max msk dec  help  act  ษอออออออออออออออออป
*588*               033  0x04  19  00  00  0026  000  บ account number  บ
line#    code  nxt  alt  lock max min dec  spec  act  ฬอออออออออออออออออน
*589*  0x4d4d  553  553  0x05  19  01  00  0000  072  บ number by MSR   บ
*590*  0x4f4f  553  553  0x05  19  01  00  0000  072  บ number by ean   บ
*591*  0x000d  553  553  0x05  19  01  00  0000  072  บ number by kbd   บ
       0x0000  555                                    ศอออออออออออออออออผ
                    txt  flag max msk dec  help  act  ษอออออออออออออออออป
*592*               013  0xf6  02  02  00  0028  061  บ creditcard menu บ
line#    code  nxt  alt  lock max min dec  spec  act  ฬอออออออออออออออออน
*593*  0x0001  521  521  0x05  01  01  00  0010  075  บ credit card  1  บ
*594*  0x0002  521  521  0x05  02  02  00  0011  075  บ credit card  2  บ
*595*  0x0003  521  521  0x05  03  03  00  0012  075  บ credit card  3  บ
*596*  0x0004  521  521  0x05  04  04  00  0013  075  บ credit card  4  บ
*597*  0x0005  521  521  0x05  05  05  00  0014  075  บ credit card  5  บ
*598*  0x0006  521  521  0x05  06  06  00  0015  075  บ credit card  6  บ
*599*  0x0007  521  521  0x05  07  07  00  0016  075  บ credit card  7  บ
*600*  0x0008  601  601  0x05  08  08  122  0010  001  บ more            บ
       0x0000  000                                    ศอออออออออออออออออผ
                    txt  flag max msk dec  help  act  ษอออออออออออออออออป
*601*               013  0xf6  02  02  00  0028  061  บ more creditcard บ
line#    code  nxt  alt  lock max min dec  spec  act  ฬอออออออออออออออออน
*602*  0x0001  521  521  0x05  01  01  00  0017  075  บ credit card  8  บ
*603*  0x0002  521  521  0x05  02  02  00  0018  075  บ credit card  9  บ
*604*  0x0003  521  521  0x05  03  03  00  0019  075  บ credit card 10  บ
*605*  0x0004  592  592  0x05  04  04  123  0010  001  บ back            บ
       0x0000  000                                    ศอออออออออออออออออผ
                    txt  flag max msk dec  help  act  ษอออออออออออออออออป
*606*               013  0xf6  02  02  00  0040  062  บ foreign curr.   บ
line#    code  nxt  alt  lock max min dec  spec  act  ฬอออออออออออออออออน
*607*  0x0001  521  521  0x05  01  01  00  0030  075  บ foreign curr. 1 บ
*608*  0x0002  521  521  0x05  02  02  00  0031  075  บ foreign curr. 2 บ
*609*  0x0003  521  521  0x05  03  03  00  0032  075  บ foreign curr. 3 บ
*610*  0x0004  521  521  0x05  04  04  00  0033  075  บ foreign curr. 4 บ
*611*  0x0005  521  521  0x05  05  05  00  0034  075  บ foreign curr. 5 บ
*612*  0x0006  521  521  0x05  06  06  00  0035  075  บ foreign curr. 6 บ
*613*  0x0007  521  521  0x05  07  07  00  0036  075  บ foreign curr. 7 บ
*614*  0x0008  615  615  0x05  08  08  122  0030  001  บ more            บ
       0x0000  000                                    ศอออออออออออออออออผ
                    txt  flag max msk dec  help  act  ษอออออออออออออออออป
*615*               013  0xf6  02  02  00  0040  062  บ more foreign c. บ
line#    code  nxt  alt  lock max min dec  spec  act  ฬอออออออออออออออออน
*616*  0x0001  521  521  0x05  01  01  00  0037  075  บ foreign curr. 8 บ
*617*  0x0002  521  521  0x05  02  02  00  0038  075  บ foreign curr. 9 บ
*618*  0x0003  521  521  0x05  03  03  00  0039  075  บ foreign curr.10 บ
*619*  0x0004  606  606  0x05  04  04  123  0030  001  บ back            บ
       0x0000  000                                    ศอออออออออออออออออผ
                    txt  flag max msk dec  help  act  ษอออออออออออออออออป
*620*               031  0x84  13  13  00  0030  000  บ ec checque      บ
line#    code  nxt  alt  lock max min dec  spec  act  ฬอออออออออออออออออน
*621*  0x000d  553  622  0x05  13  00  00  0001  072  บ card number     บ
       0x0000  555                                    ศอออออออออออออออออผ
                    txt  flag max msk dec  help  act  ษอออออออออออออออออป
*622*               033  0x84  10  10  00  0031  000  บ bank entry info บ
line#    code  nxt  alt  lock max min dec  spec  act  ฬอออออออออออออออออน
*623*  0x000d  625  625  0x05  10  00  00  0002  072  บ account number  บ
*624*  0x4dec  553  627  0x05  10  10  00  0018  072  บ ec card by MSR  บ
       0x0000  555                                    ศอออออออออออออออออผ
                    txt  flag max msk dec  help  act  ษอออออออออออออออออป
*625*               034  0x84  08  08  00  0032  000  บ bank entry info บ
line#    code  nxt  alt  lock max min dec  spec  act  ฬอออออออออออออออออน
*626*  0x000d  553  627  0x05  08  00  00  0003  072  บ bank number     บ
       0x0000  555                                    ศอออออออออออออออออผ
                    txt  flag max msk dec  help  act  ษอออออออออออออออออป
*627*               032  0x04  13  13  00  0033  000  บ bank entry info บ
line#    code  nxt  alt  lock max min dec  spec  act  ฬอออออออออออออออออน
*628*  0x000d  629  629  0x05  13  04  00  0004  072  บ check number    บ
       0x0000  555                                    ศอออออออออออออออออผ
                    txt  flag max msk dec  help  act  ษอออออออออออออออออป
*629*               013  0x04  02  02  00  0034  000  บ bank entry info บ
line#    code  nxt  alt  lock max min dec  spec  act  ฬอออออออออออออออออน
*630*  0x000d  553  553  0x05  02  00  00  0005  072  บ check type      บ
       0x0000  555                                    ศอออออออออออออออออผ
                    txt  flag max msk dec  help  act  ษอออออออออออออออออป
*631*               015  0x04  14  00  00  0036  000  บ vendor coupons  บ
line#    code  nxt  alt  lock max min dec  spec  act  ฬอออออออออออออออออน
*632*  0x4f4f  069  634  0x05  14  01  00  0006  072  บ number by scan  บ
*633*  0x000d  069  634  0x05  14  01  00  0006  072  บ number by keyb  บ
       0x0000  555                                    ศอออออออออออออออออผ
                    txt  flag max msk dec  help  act  ษอออออออออออออออออป
*634*               025  0x04  07  07  99  0020  000  บ after tender    บ
line#    code  nxt  alt  lock max min dec  spec  act  ฬอออออออออออออออออน
*635*  0x0011  069  459  0x05  00  00  00  9999  074  บ error correct   บ
       0x0000  463                                    ศอออออออออออออออออผ
                    txt  flag max msk dec  help  act  ษอออออออออออออออออป
*636*               035  0x05  04  04  00  0900  000  บ onhand count    บ
line#    code  nxt  alt  lock max min dec  spec  act  ฬอออออออออออออออออน
*637*  0x0019  069  017  0x05  00  00  00  0000  086  บ cashcount total บ
*638*  0x001b  069  017  0x05  00  00  00  0000  082  บ cashcount abort บ
*639*  0x000d  636  646  0x05  00  00  00  0000  085  บ next denom/tnd  บ
*640*  0x0012  636  646  0x05  00  00  00  0000  085  บ next denom/tnd  บ
*641*  0x0011  636  646  0x05  00  00  00  0001  085  บ prev denom/tnd  บ
*642*  0x00b9  644  644  0x05  00  00  00  0002  085  บ minus           บ
*643*  0x000d  636  636  0x05  04  01  00  0000  083  บ count           บ
       0x0000  000                                    ศอออออออออออออออออผ
                    txt  flag max msk dec  help  act  ษอออออออออออออออออป
*644*               035  0x05  04  04  00  0904  000  บ after minus     บ
line#    code  nxt  alt  lock max min dec  spec  act  ฬอออออออออออออออออน
*645*  0x000b  636  636  0x05  00  00  00  0000  080  บ clear minus     บ
       0x0000  643                                    ศอออออออออออออออออผ
                    txt  flag max msk dec  help  act  ษอออออออออออออออออป
*646*               036  0x05  07  07  99  0901  000  บ onhand amount   บ
line#    code  nxt  alt  lock max min dec  spec  act  ฬอออออออออออออออออน
*647*  0x0019  069  017  0x05  00  00  00  0000  086  บ cashcount total บ
*648*  0x001b  069  017  0x05  00  00  00  0000  082  บ cashcount abort บ
*649*  0x000d  636  646  0x05  00  00  00  0000  085  บ next denom/tnd  บ
*650*  0x0012  636  646  0x05  00  00  00  0000  085  บ next denom/tnd  บ
*651*  0x00e1  636  646  0x05  00  00  00  0001  087  บ tender preset 1 บ
*652*  0x00e2  636  646  0x05  00  00  00  0002  087  บ tender preset 2 บ
*653*  0x00e3  636  646  0x05  00  00  00  0003  087  บ tender preset 3 บ
*654*  0x00e4  636  646  0x05  00  00  00  0004  087  บ tender preset 4 บ
*655*  0x00e5  636  646  0x05  00  00  00  0005  087  บ tender preset 5 บ
*656*  0x00e6  636  646  0x05  00  00  00  0006  087  บ tender preset 6 บ
*657*  0x00e7  636  646  0x05  00  00  00  0007  087  บ tender preset 7 บ
*658*  0x00e8  636  646  0x05  00  00  00  0008  087  บ tender preset 8 บ
*659*  0x00e9  636  646  0x05  00  00  00  0009  087  บ tender preset 9 บ
*660*  0x00ea  636  646  0x05  00  00  00  0010  087  บ tender preset A บ
*661*  0x00eb  636  646  0x05  00  00  00  0011  087  บ tender preset B บ
*662*  0x00ec  636  646  0x05  00  00  00  0012  087  บ tender preset C บ
*663*  0x00ed  636  646  0x05  00  00  00  0013  087  บ tender preset D บ
*664*  0x00ee  636  646  0x05  00  00  00  0014  087  บ tender preset E บ
*665*  0x00ef  636  646  0x05  00  00  00  0015  087  บ tender preset F บ
*666*  0x0011  636  646  0x05  00  00  00  0001  085  บ prev denom/tnd  บ
*667*  0x00b9  671  671  0x05  00  00  00  0002  085  บ minus           บ
*668*  0x0010  673  673  0x05  04  01  00  0003  085  บ x               บ
*669*  0x0006  673  673  0x05  04  01  00  0004  085  บ for             บ
*670*  0x000d  646  646  0x05  07  01  99  0000  084  บ amount          บ
       0x0000  000                                    ศอออออออออออออออออผ
                    txt  flag max msk dec  help  act  ษอออออออออออออออออป
*671*               036  0x05  07  07  99  0905  000  บ after minus     บ
line#    code  nxt  alt  lock max min dec  spec  act  ฬอออออออออออออออออน
*672*  0x000b  646  646  0x05  00  00  00  0001  080  บ clear minus     บ
       0x0000  668                                    ศอออออออออออออออออผ
                    txt  flag max msk dec  help  act  ษอออออออออออออออออป
*673*               036  0x05  07  07  99  0903  000  บ after x / for   บ
line#    code  nxt  alt  lock max min dec  spec  act  ฬอออออออออออออออออน
*674*  0x000b  646  646  0x05  00  00  00  0002  080  บ clear x / for   บ
       0x0000  670                                    ศอออออออออออออออออผ
                    txt  flag max msk dec  help  act  ษอออออออออออออออออป
*675*               006  0x03  04  04  00  7500  000  บ preset dpt keys บ
line#    code  nxt  alt  lock max min dec  spec  act  ฬอออออออออออออออออน
*676*  0x00d1  675  675  0x04  04  00  00  0001  109  บ dpt preset key1 บ
*677*  0x00d2  675  675  0x04  04  00  00  0002  109  บ dpt preset key2 บ
*678*  0x00d3  675  675  0x04  04  00  00  0003  109  บ dpt preset key3 บ
*679*  0x00d4  675  675  0x04  04  00  00  0004  109  บ dpt preset key4 บ
*680*  0x00d5  675  675  0x04  04  00  00  0005  109  บ dpt preset key5 บ
*681*  0x00d6  675  675  0x04  04  00  00  0006  109  บ dpt preset key6 บ
*682*  0x00d7  675  675  0x04  04  00  00  0007  109  บ dpt preset key7 บ
*683*  0x00d8  675  675  0x04  04  00  00  0008  109  บ dpt preset key8 บ
*684*  0x00d9  675  675  0x04  04  00  00  0009  109  บ dpt preset key9 บ
*685*  0x00da  675  675  0x04  04  00  00  0010  109  บ dpt preset keyA บ
*686*  0x00db  675  675  0x04  04  00  00  0011  109  บ dpt preset keyB บ
*687*  0x00dc  675  675  0x04  04  00  00  0012  109  บ dpt preset keyC บ
*688*  0x00dd  675  675  0x04  04  00  00  0013  109  บ dpt preset keyD บ
*689*  0x00de  675  675  0x04  04  00  00  0014  109  บ dpt preset keyE บ
*690*  0x00df  675  675  0x04  04  00  00  0015  109  บ dpt preset keyF บ
*691*  0x0019  069  017  0x05  00  00  00  0000  109  บ end maint       บ
       0x0000  000                                    ศอออออออออออออออออผ
                    txt  flag max msk dec  help  act  ษอออออออออออออออออป
*692*               000  0x00  00  00  00  0000  000  บ <<END>> <<END>> บ
line#    code  nxt  alt  lock max min dec  spec  act  ฬอออออออออออออออออน
-------------------------------------------------------------------------
